<?xml version="1.0" encoding="UTF-8"?>
<!-- Generated by org.testng.reporters.JUnitReportReporter -->
<testsuite hostname="emdadripons-Air.fios-router.home" failures="0" tests="1" name="base.CommonAPi" time="13.874" errors="0" timestamp="11 Dec 2019 16:33:08 GMT" skipped="0">
  <testcase classname="base.CommonAPi" name="search" time="13.874"/>
</testsuite> <!-- base.CommonAPi -->
